<?xml version="1.0" encoding="UTF-8"?>
<!-- Generated by org.testng.reporters.JUnitReportReporter -->
<testsuite hostname="LAPTOP-7E2Q3DBA" failures="0" tests="1" name="AutomationTDDFramework.MyOwnFramework.errorValidations" time="11.399" errors="0" timestamp="2025-01-30T20:18:59 IST" skipped="0">
  <testcase classname="AutomationTDDFramework.MyOwnFramework.errorValidations" name="submitOrder" time="11.399"/>
</testsuite> <!-- AutomationTDDFramework.MyOwnFramework.errorValidations -->
