<?xml version="1.0" encoding="UTF-8"?>
<!-- Generated by org.testng.reporters.JUnitReportReporter -->
<testsuite hostname="LAPTOP-7E2Q3DBA" failures="0" tests="1" name="TestNgCucumberRunner.TestNgCucumberRuner" time="13.736" errors="0" timestamp="2025-01-31T21:09:18 IST" skipped="0">
  <testcase classname="TestNgCucumberRunner.TestNgCucumberRuner" name="runScenario" time="13.736"/>
</testsuite> <!-- TestNgCucumberRunner.TestNgCucumberRuner -->
