<?xml version="1.0" encoding="UTF-8"?>
<!-- Generated by org.testng.reporters.JUnitReportReporter -->
<testsuite hostname="LAPTOP-7E2Q3DBA" failures="0" tests="1" name="ExtentReport.ExtentReport" time="4.191" errors="0" timestamp="2025-01-27T21:02:56 IST" skipped="0">
  <testcase classname="ExtentReport.ExtentReport" name="initialdemo" time="4.191"/>
</testsuite> <!-- ExtentReport.ExtentReport -->
