<?xml version="1.0" encoding="UTF-8"?>
<!-- Generated by org.testng.reporters.JUnitReportReporter -->
<testsuite hostname="LAPTOP-7E2Q3DBA" failures="0" tests="1" name="AutomationTDDFramework.MyOwnFramework.errorValidations" time="8.440" errors="0" timestamp="2025-01-20T23:57:33 IST" skipped="0">
  <testcase classname="AutomationTDDFramework.MyOwnFramework.errorValidations" name="submitOrder" time="8.440"/>
</testsuite> <!-- AutomationTDDFramework.MyOwnFramework.errorValidations -->
