<?xml version="1.0" encoding="UTF-8"?>
<!-- Generated by org.testng.reporters.JUnitReportReporter -->
<testsuite hostname="LAPTOP-7E2Q3DBA" failures="0" tests="4" name="AutomationTDDFramework.MyOwnFramework.StandaloneTest" time="57.036" errors="0" timestamp="2025-01-20T23:57:33 IST" skipped="0">
  <testcase classname="AutomationTDDFramework.MyOwnFramework.StandaloneTest" name="submitOrder" time="13.155"/>
  <testcase classname="AutomationTDDFramework.MyOwnFramework.StandaloneTest" name="orderHistory" time="13.169"/>
  <testcase classname="AutomationTDDFramework.MyOwnFramework.StandaloneTest" name="orderHistory" time="14.895"/>
  <testcase classname="AutomationTDDFramework.MyOwnFramework.StandaloneTest" name="submitOrder" time="15.817"/>
</testsuite> <!-- AutomationTDDFramework.MyOwnFramework.StandaloneTest -->
